Determining if the pthread_create exist failed with the following output:
Change Dir: /home/himanshu/mybot_ws/build/mybot_control/CMakeFiles/CMakeTmp

Run Build Command:"/usr/bin/make" "cmTC_d6521/fast"
/usr/bin/make -f CMakeFiles/cmTC_d6521.dir/build.make CMakeFiles/cmTC_d6521.dir/build
make[1]: Entering directory '/home/himanshu/mybot_ws/build/mybot_control/CMakeFiles/CMakeTmp'
Building C object CMakeFiles/cmTC_d6521.dir/CheckSymbolExists.c.o
/usr/bin/cc     -o CMakeFiles/cmTC_d6521.dir/CheckSymbolExists.c.o   -c /home/himanshu/mybot_ws/build/mybot_control/CMakeFiles/CMakeTmp/CheckSymbolExists.c
Linking C executable cmTC_d6521
/usr/bin/cmake -E cmake_link_script CMakeFiles/cmTC_d6521.dir/link.txt --verbose=1
/usr/bin/cc       CMakeFiles/cmTC_d6521.dir/CheckSymbolExists.c.o  -o cmTC_d6521 -rdynamic 
CMakeFiles/cmTC_d6521.dir/CheckSymbolExists.c.o: In function `main':
CheckSymbolExists.c:(.text+0x16): undefined reference to `pthread_create'
collect2: error: ld returned 1 exit status
CMakeFiles/cmTC_d6521.dir/build.make:97: recipe for target 'cmTC_d6521' failed
make[1]: *** [cmTC_d6521] Error 1
make[1]: Leaving directory '/home/himanshu/mybot_ws/build/mybot_control/CMakeFiles/CMakeTmp'
Makefile:126: recipe for target 'cmTC_d6521/fast' failed
make: *** [cmTC_d6521/fast] Error 2

File /home/himanshu/mybot_ws/build/mybot_control/CMakeFiles/CMakeTmp/CheckSymbolExists.c:
/* */
#include <pthread.h>

int main(int argc, char** argv)
{
  (void)argv;
#ifndef pthread_create
  return ((int*)(&pthread_create))[argc];
#else
  (void)argc;
  return 0;
#endif
}

Determining if the function pthread_create exists in the pthreads failed with the following output:
Change Dir: /home/himanshu/mybot_ws/build/mybot_control/CMakeFiles/CMakeTmp

Run Build Command:"/usr/bin/make" "cmTC_98fdc/fast"
/usr/bin/make -f CMakeFiles/cmTC_98fdc.dir/build.make CMakeFiles/cmTC_98fdc.dir/build
make[1]: Entering directory '/home/himanshu/mybot_ws/build/mybot_control/CMakeFiles/CMakeTmp'
Building C object CMakeFiles/cmTC_98fdc.dir/CheckFunctionExists.c.o
/usr/bin/cc    -DCHECK_FUNCTION_EXISTS=pthread_create   -o CMakeFiles/cmTC_98fdc.dir/CheckFunctionExists.c.o   -c /usr/share/cmake-3.5/Modules/CheckFunctionExists.c
Linking C executable cmTC_98fdc
/usr/bin/cmake -E cmake_link_script CMakeFiles/cmTC_98fdc.dir/link.txt --verbose=1
/usr/bin/cc   -DCHECK_FUNCTION_EXISTS=pthread_create    CMakeFiles/cmTC_98fdc.dir/CheckFunctionExists.c.o  -o cmTC_98fdc -rdynamic -lpthreads 
/usr/bin/ld: cannot find -lpthreads
collect2: error: ld returned 1 exit status
CMakeFiles/cmTC_98fdc.dir/build.make:97: recipe for target 'cmTC_98fdc' failed
make[1]: *** [cmTC_98fdc] Error 1
make[1]: Leaving directory '/home/himanshu/mybot_ws/build/mybot_control/CMakeFiles/CMakeTmp'
Makefile:126: recipe for target 'cmTC_98fdc/fast' failed
make: *** [cmTC_98fdc/fast] Error 2


